<?xml version="1.0" encoding="UTF-8"?>
<!-- Generated by org.testng.reporters.JUnitReportReporter -->
<testsuite hostname="DESKTOP-251UPDH" failures="0" tests="1" name="login_Page.TestCases_loginPage" time="69.957" errors="0" timestamp="2023-07-15T14:14:29 IST" skipped="0">
  <testcase classname="login_Page.TestCases_loginPage" name="getFailedlogin_credential" time="69.957"/>
  <system-out/>
</testsuite> <!-- login_Page.TestCases_loginPage -->
